[2026-03-25 17:35:46] Found 793 systems to process.
[2026-03-25 17:35:46] [1/793] Processing 9c1729b8-138e-4ae1-8c41-a52675e87845...
[2026-03-25 17:48:02] Successfully processed 9c1729b8-138e-4ae1-8c41-a52675e87845.
[2026-03-25 17:48:02] [2/793] Processing 304b6f39-2821-433a-b64c-4756637184d0...
[2026-03-25 17:59:24] Successfully processed 304b6f39-2821-433a-b64c-4756637184d0.
[2026-03-25 17:59:24] [3/793] Processing 472e00dc-f001-47df-87bd-49919b12b5fd...
[2026-03-25 18:11:35] Successfully processed 472e00dc-f001-47df-87bd-49919b12b5fd.
[2026-03-25 18:11:35] [4/793] Processing 8d1f5f01-dae1-4bea-949b-03902c50c981...
[2026-03-25 18:23:37] Successfully processed 8d1f5f01-dae1-4bea-949b-03902c50c981.
[2026-03-25 18:23:37] [5/793] Processing 56f2ca03-43e9-4612-9b5d-22c68f3700e4...
[2026-03-25 18:35:57] Successfully processed 56f2ca03-43e9-4612-9b5d-22c68f3700e4.
[2026-03-25 18:35:57] [6/793] Processing 816db091-362a-44b7-a85e-856abc2e5551...
[2026-03-25 18:47:56] Successfully processed 816db091-362a-44b7-a85e-856abc2e5551.
[2026-03-25 18:47:56] [7/793] Processing e550fe67-8680-4304-b6de-c2a45f0dc916...
[2026-03-25 18:59:41] Successfully processed e550fe67-8680-4304-b6de-c2a45f0dc916.
[2026-03-25 18:59:41] [8/793] Processing f6d9e23e-2e32-4b1a-bc47-f8686ab8ebbe...
[2026-03-25 19:12:05] Successfully processed f6d9e23e-2e32-4b1a-bc47-f8686ab8ebbe.
[2026-03-25 19:12:05] [9/793] Processing 505e36e9-267d-4fc5-8ae7-2b12b02cb07c...
[2026-03-25 19:23:42] Successfully processed 505e36e9-267d-4fc5-8ae7-2b12b02cb07c.
[2026-03-25 19:23:42] [10/793] Processing 8816e760-7609-40b5-a377-59420fb276a0...
[2026-03-25 19:35:50] Successfully processed 8816e760-7609-40b5-a377-59420fb276a0.
[2026-03-25 19:35:50] [11/793] Processing d43ccae3-55ab-4482-b1e6-ea07d81e6502...
[2026-03-25 19:47:51] Successfully processed d43ccae3-55ab-4482-b1e6-ea07d81e6502.
[2026-03-25 19:47:51] [12/793] Processing 0c5156b4-a88d-4bcd-acfd-e62d4aaccad0...
[2026-03-25 19:59:23] Successfully processed 0c5156b4-a88d-4bcd-acfd-e62d4aaccad0.
[2026-03-25 19:59:23] [13/793] Processing e7c82c1f-5cb5-41bc-aa35-cc2fe2eb2e52...
[2026-03-25 20:11:38] Successfully processed e7c82c1f-5cb5-41bc-aa35-cc2fe2eb2e52.
[2026-03-25 20:11:38] [14/793] Processing 320d2725-b688-433a-a5ed-d86a40e1a6bc...
[2026-03-25 20:23:51] Successfully processed 320d2725-b688-433a-a5ed-d86a40e1a6bc.
[2026-03-25 20:23:51] [15/793] Processing acdeeb68-2ea6-4e41-b242-fc894050d584...
[2026-03-25 20:35:27] Successfully processed acdeeb68-2ea6-4e41-b242-fc894050d584.
[2026-03-25 20:35:27] [16/793] Processing 4e6444c1-915b-44b3-b20c-ce21af851ad0...
[2026-03-25 20:47:30] Successfully processed 4e6444c1-915b-44b3-b20c-ce21af851ad0.
[2026-03-25 20:47:30] [17/793] Processing 65197100-f8e8-499b-bcf6-869aa37d2f88...
[2026-03-25 20:59:31] Successfully processed 65197100-f8e8-499b-bcf6-869aa37d2f88.
[2026-03-25 20:59:31] [18/793] Processing 232c7a63-c6bc-4820-9c07-bee992c7495e...
[2026-03-25 21:11:02] Successfully processed 232c7a63-c6bc-4820-9c07-bee992c7495e.
[2026-03-25 21:11:02] [19/793] Processing b65f95c9-182c-4c01-bbc8-a2fcd03e3f44...
[2026-03-25 21:23:18] Successfully processed b65f95c9-182c-4c01-bbc8-a2fcd03e3f44.
[2026-03-25 21:23:18] [20/793] Processing 6a399607-f004-429f-9f50-e20ab2961b66...
[2026-03-25 21:35:07] Successfully processed 6a399607-f004-429f-9f50-e20ab2961b66.
[2026-03-25 21:35:07] [21/793] Processing c0129644-618f-41da-9978-aa807c468139...
[2026-03-25 21:46:38] Successfully processed c0129644-618f-41da-9978-aa807c468139.
[2026-03-25 21:46:38] [22/793] Processing 56204c65-fc4c-4de3-9b06-b39f9d42e4e4...
[2026-03-25 21:57:33] Successfully processed 56204c65-fc4c-4de3-9b06-b39f9d42e4e4.
[2026-03-25 21:57:33] [23/793] Processing 0a582e75-7377-4e8c-8018-53c7cfe578d9...
[2026-03-25 22:09:21] Successfully processed 0a582e75-7377-4e8c-8018-53c7cfe578d9.
[2026-03-25 22:09:21] [24/793] Processing a228fb36-89e4-4154-b1c7-dc02b53e932f...
[2026-03-25 22:21:33] Successfully processed a228fb36-89e4-4154-b1c7-dc02b53e932f.
[2026-03-25 22:21:33] [25/793] Processing 72d0cf9d-4ec6-4f0b-bdc9-cf168522983f...
[2026-03-25 22:33:02] Successfully processed 72d0cf9d-4ec6-4f0b-bdc9-cf168522983f.
[2026-03-25 22:33:02] [26/793] Processing b165bee4-625b-4ca0-b0fd-a817c1c6b47a...
[2026-03-25 22:43:49] Successfully processed b165bee4-625b-4ca0-b0fd-a817c1c6b47a.
[2026-03-25 22:43:49] [27/793] Processing 39c33818-ac1c-4db8-8e79-77557e9c2bd4...
[2026-03-25 22:55:17] Successfully processed 39c33818-ac1c-4db8-8e79-77557e9c2bd4.
[2026-03-25 22:55:17] [28/793] Processing 28e38b88-a136-469d-be03-3607705a7313...
[2026-03-25 23:07:00] Successfully processed 28e38b88-a136-469d-be03-3607705a7313.
[2026-03-25 23:07:00] [29/793] Processing 81b44c7c-7709-4c08-b8ba-1cb5b33bd840...
[2026-03-25 23:17:53] Successfully processed 81b44c7c-7709-4c08-b8ba-1cb5b33bd840.
[2026-03-25 23:17:53] [30/793] Processing c7d804f3-b0d3-4895-b992-b320855ed125...
[2026-03-25 23:28:59] Successfully processed c7d804f3-b0d3-4895-b992-b320855ed125.
[2026-03-25 23:28:59] [31/793] Processing 9de3ab75-8354-48c9-882e-5464b5a7fa6e...
[2026-03-25 23:40:26] Successfully processed 9de3ab75-8354-48c9-882e-5464b5a7fa6e.
[2026-03-25 23:40:26] [32/793] Processing bd3d8663-2af7-4606-920f-2c50810c4e2f...
[2026-03-25 23:53:20] Successfully processed bd3d8663-2af7-4606-920f-2c50810c4e2f.
[2026-03-25 23:53:20] [33/793] Processing 24eb606f-b127-41f3-bdaf-2b334fefe426...
[2026-03-26 00:07:28] Successfully processed 24eb606f-b127-41f3-bdaf-2b334fefe426.
[2026-03-26 00:07:28] [34/793] Processing cb3f57e1-33cc-48c2-b084-3370105b028d...
[2026-03-26 00:18:18] Successfully processed cb3f57e1-33cc-48c2-b084-3370105b028d.
[2026-03-26 00:18:18] [35/793] Processing a6a7cd76-0151-4c47-b634-569073536168...
[2026-03-26 00:30:12] Successfully processed a6a7cd76-0151-4c47-b634-569073536168.
[2026-03-26 00:30:12] [36/793] Processing 40b5f042-0d84-4b54-839c-e300a07d3463...
[2026-03-26 00:41:59] Successfully processed 40b5f042-0d84-4b54-839c-e300a07d3463.
[2026-03-26 00:41:59] [37/793] Processing 3bfdbc3b-6f08-455f-b578-bf8d34175bd4...
[2026-03-26 00:53:54] Successfully processed 3bfdbc3b-6f08-455f-b578-bf8d34175bd4.
[2026-03-26 00:53:54] [38/793] Processing 78c04a13-0df4-4829-b983-d4f819055cb0...
[2026-03-26 01:05:50] Successfully processed 78c04a13-0df4-4829-b983-d4f819055cb0.
[2026-03-26 01:05:50] [39/793] Processing ae7b51d3-14b9-4171-a170-65d32284bd3f...
[2026-03-26 01:17:19] Successfully processed ae7b51d3-14b9-4171-a170-65d32284bd3f.
[2026-03-26 01:17:19] [40/793] Processing 53ede000-9e98-49d3-8bf3-f76cc1f02695...
[2026-03-26 01:29:18] Successfully processed 53ede000-9e98-49d3-8bf3-f76cc1f02695.
[2026-03-26 01:29:18] [41/793] Processing 7c2d6d77-e618-46c2-ae25-dfabc17ee0c0...
[2026-03-26 01:40:38] Successfully processed 7c2d6d77-e618-46c2-ae25-dfabc17ee0c0.
[2026-03-26 01:40:38] [42/793] Processing 9cfe90e0-d558-4b03-8e0b-059854506be3...
[2026-03-26 01:52:13] Successfully processed 9cfe90e0-d558-4b03-8e0b-059854506be3.
[2026-03-26 01:52:13] [43/793] Processing 2387931a-fd57-4727-8fae-7a76a0a37075...
[2026-03-26 02:03:41] Successfully processed 2387931a-fd57-4727-8fae-7a76a0a37075.
[2026-03-26 02:03:41] [44/793] Processing 0ec0a6f5-b3e7-41d5-b55e-53f7c6b29bc6...
[2026-03-26 02:14:39] Successfully processed 0ec0a6f5-b3e7-41d5-b55e-53f7c6b29bc6.
[2026-03-26 02:14:39] [45/793] Processing 114474b4-16a7-4c1b-a8e0-b2e5fb4cdb12...
[2026-03-26 02:25:08] Successfully processed 114474b4-16a7-4c1b-a8e0-b2e5fb4cdb12.
[2026-03-26 02:25:08] [46/793] Processing 65aea528-921b-45b4-803c-7de6673cb407...
[2026-03-26 02:36:34] Successfully processed 65aea528-921b-45b4-803c-7de6673cb407.
[2026-03-26 02:36:34] [47/793] Processing f3f133a7-4cb5-4d5d-ac76-bb079730bef4...
[2026-03-26 02:47:57] Successfully processed f3f133a7-4cb5-4d5d-ac76-bb079730bef4.
[2026-03-26 02:47:57] [48/793] Processing f0f3b048-fc42-4caa-a64a-2a23c5941055...
[2026-03-26 02:59:53] Successfully processed f0f3b048-fc42-4caa-a64a-2a23c5941055.
[2026-03-26 02:59:53] [49/793] Processing 88fc9c3f-7772-422d-beb1-ca21955b70b7...
[2026-03-26 03:10:48] Successfully processed 88fc9c3f-7772-422d-beb1-ca21955b70b7.
[2026-03-26 03:10:48] [50/793] Processing c577bddb-5497-47ab-867d-c44416001e71...
[2026-03-26 03:22:14] Successfully processed c577bddb-5497-47ab-867d-c44416001e71.
[2026-03-26 03:22:14] [51/793] Processing 4499b891-8de9-4ee5-81aa-2586d7386b24...
[2026-03-26 03:33:43] Successfully processed 4499b891-8de9-4ee5-81aa-2586d7386b24.
[2026-03-26 03:33:43] [52/793] Processing d75a0f8b-0081-4966-96cc-087a00406edc...
[2026-03-26 03:44:27] Successfully processed d75a0f8b-0081-4966-96cc-087a00406edc.
[2026-03-26 03:44:27] [53/793] Processing ae3bc4ea-67e4-4a43-9caa-7b7d6b78a4cc...
[2026-03-26 03:55:55] Successfully processed ae3bc4ea-67e4-4a43-9caa-7b7d6b78a4cc.
[2026-03-26 03:55:55] [54/793] Processing e7683bcf-f75e-42ed-9eb2-0da494355258...
[2026-03-26 04:06:30] Successfully processed e7683bcf-f75e-42ed-9eb2-0da494355258.
[2026-03-26 04:06:30] [55/793] Processing c83689c3-04f0-4d33-8159-6b3368ca472a...
[2026-03-26 04:18:01] Successfully processed c83689c3-04f0-4d33-8159-6b3368ca472a.
[2026-03-26 04:18:01] [56/793] Processing c3d4cbad-397c-4060-a8ec-3bed723242a3...
[2026-03-26 04:28:56] Successfully processed c3d4cbad-397c-4060-a8ec-3bed723242a3.
[2026-03-26 04:28:56] [57/793] Processing c46b728f-f9bd-4322-bcc0-ca74efadffb4...
[2026-03-26 04:40:29] Successfully processed c46b728f-f9bd-4322-bcc0-ca74efadffb4.
[2026-03-26 04:40:29] [58/793] Processing 367854f1-0bed-4194-9c35-fd451134e68d...
[2026-03-26 04:51:29] Successfully processed 367854f1-0bed-4194-9c35-fd451134e68d.
[2026-03-26 04:51:29] [59/793] Processing 0a8e6585-0a6e-4502-bd1a-605a8e394e34...
[2026-03-26 05:02:57] Successfully processed 0a8e6585-0a6e-4502-bd1a-605a8e394e34.
[2026-03-26 05:02:57] [60/793] Processing 3f5b96e2-e1dc-45bd-b5e5-b0b870735756...
[2026-03-26 05:15:24] Successfully processed 3f5b96e2-e1dc-45bd-b5e5-b0b870735756.
[2026-03-26 05:15:24] [61/793] Processing 47a60ab2-80b2-42d6-8a98-db138f26fb8b...
[2026-03-26 05:26:52] Successfully processed 47a60ab2-80b2-42d6-8a98-db138f26fb8b.
[2026-03-26 05:26:52] [62/793] Processing f363800a-8526-490f-bd5e-3a31ba7c19d7...
[2026-03-26 05:38:16] Successfully processed f363800a-8526-490f-bd5e-3a31ba7c19d7.
[2026-03-26 05:38:16] [63/793] Processing fc0e4f67-5c75-4483-b0db-54271345f9ce...
[2026-03-26 05:49:44] Successfully processed fc0e4f67-5c75-4483-b0db-54271345f9ce.
[2026-03-26 05:49:44] [64/793] Processing 1e441886-861e-457a-8f7c-26aff3ec7c88...
[2026-03-26 06:01:42] Successfully processed 1e441886-861e-457a-8f7c-26aff3ec7c88.
[2026-03-26 06:01:42] [65/793] Processing bfd4e7ab-66e8-498d-b7ae-3bbe188f6c6c...
[2026-03-26 06:12:15] Successfully processed bfd4e7ab-66e8-498d-b7ae-3bbe188f6c6c.
[2026-03-26 06:12:15] [66/793] Processing ace4f500-09e6-46a4-a5e8-06a039131b16...
[2026-03-26 06:23:40] Successfully processed ace4f500-09e6-46a4-a5e8-06a039131b16.
[2026-03-26 06:23:40] [67/793] Processing d4223f5f-4162-4a35-9d9b-1578234ea4d9...
[2026-03-26 06:34:38] Successfully processed d4223f5f-4162-4a35-9d9b-1578234ea4d9.
[2026-03-26 06:34:38] [68/793] Processing 550fb36d-cb72-4326-a791-c50199273565...
[2026-03-26 06:46:38] Successfully processed 550fb36d-cb72-4326-a791-c50199273565.
[2026-03-26 06:46:38] [69/793] Processing 79abe236-5dfc-40d7-ab51-1515aea9d6b0...
[2026-03-26 06:57:10] Successfully processed 79abe236-5dfc-40d7-ab51-1515aea9d6b0.
[2026-03-26 06:57:10] [70/793] Processing 2a931789-5531-4898-9304-c724bfc9fdeb...
[2026-03-26 07:08:56] Successfully processed 2a931789-5531-4898-9304-c724bfc9fdeb.
[2026-03-26 07:08:56] [71/793] Processing 1a7bcf0a-ef10-4164-b810-77e703284f19...
[2026-03-26 07:19:27] Successfully processed 1a7bcf0a-ef10-4164-b810-77e703284f19.
[2026-03-26 07:19:27] [72/793] Processing b7b25776-e7af-4855-8fe2-59e07e955135...
[2026-03-26 07:31:08] Successfully processed b7b25776-e7af-4855-8fe2-59e07e955135.
[2026-03-26 07:31:08] [73/793] Processing 9055662b-3219-4622-9116-a034a0523d27...
[2026-03-26 07:42:29] Successfully processed 9055662b-3219-4622-9116-a034a0523d27.
[2026-03-26 07:42:29] [74/793] Processing 9d697b80-bd6d-46d1-a08a-59101e3af948...
[2026-03-26 07:53:38] Successfully processed 9d697b80-bd6d-46d1-a08a-59101e3af948.
[2026-03-26 07:53:38] [75/793] Processing 082f650b-3cd9-477e-ac73-4b10c3d6f98b...
[2026-03-26 08:05:12] Successfully processed 082f650b-3cd9-477e-ac73-4b10c3d6f98b.
[2026-03-26 08:05:12] [76/793] Processing f0b5ec26-00f3-4475-b15a-7f9375e1bea1...
